number,method,stmt
0,<org.whispersystems.curve25519.OpportunisticCurve25519Provider: byte[] A7P()>,v0 = interfaceinvoke v0.<X.2Oi: byte[] A7P()>()
1,<X.31r: X.2az A01()>,v2 = interfaceinvoke v0.<X.2Oi: byte[] A7P()>()
2,<X.31r: X.2az A01()>,v1 = interfaceinvoke v0.<X.2Oi: byte[] generatePublicKey(byte)>(v2)
3,<org.whispersystems.curve25519.OpportunisticCurve25519Provider: byte[] A7P()>,return v0
4,<org.whispersystems.curve25519.OpportunisticCurve25519Provider: byte[] generatePublicKey(byte)>,v0 = interfaceinvoke v0.<X.2Oi: byte[] generatePublicKey(byte)>(p1)
5,<org.whispersystems.curve25519.OpportunisticCurve25519Provider: byte[] generatePublicKey(byte)>,return v0
6,<X.31r: X.2az A01()>,specialinvoke v0.<X.2az: void <init>(byte,byte)>(v1, v2)
7,<X.2az: void <init>(byte,byte)>,p0.<X.2az: java.lang.Object A01> = p2
8,<X.2az: void <init>(byte,byte)>,p0.<X.2az: java.lang.Object A00> = p1
9,<X.2rc: X.2rc A00()>,v0 = v1.<X.2az: java.lang.Object A01>
10,<X.2rc: X.2rc A00()>,v0 = v1.<X.2az: java.lang.Object A00>
11,<X.2rc: X.2rc A00()>,v0 = (byte[]) [B
12,<X.2rc: X.2rc A00()>,v0 = (byte[]) [B
13,<X.2rc: X.2rc A00()>,specialinvoke v1.<X.2rd: void <init>(byte)>(v0)
14,<X.2rc: X.2rc A00()>,specialinvoke v2.<X.3a0: void <init>(byte)>(v0)
15,<X.2rd: void <init>(byte)>,p0.<X.2rd: byte[] A01> = p1
16,<X.3a0: void <init>(byte)>,p0.<X.3a0: byte[] A01> = p1
17,<X.2rc: byte[] A02()>,v1 = v0.<X.2rd: byte[] A01>
18,<X.2rc: byte[] A02()>,v1 = v0.<X.3a0: byte[] A01>
19,<X.2rc: byte[] A02()>,v2[v0] = v1
20,<X.2rc: byte[] A02()>,v2[v0] = v1
21,<X.2rc: byte[] A02()>,v0 = staticinvoke <X.310: byte[] A06(byte)>(v2)
22,<X.310: byte[] A06(byte)>,v0 = p0[v1]
23,<X.310: byte[] A06(byte)>,virtualinvoke v3.<java.io.OutputStream: void write(byte)>(v0)
24,<X.310: byte[] A06(byte)>,v0 = virtualinvoke v3.<java.io.ByteArrayOutputStream: byte[] toByteArray()>()
25,<X.310: byte[] A06(byte)>,return v0
26,<X.2rc: byte[] A02()>,return v0
27,<X.083: X.2rc A07(boolean)>,virtualinvoke p0.<X.083: void A0A(android.content.SharedPreferences,byte)>(v4, v1)
28,<X.083: void A0A(android.content.SharedPreferences,byte)>,v0 = virtualinvoke p0.<X.083: boolean A0C(android.content.SharedPreferences,byte)>(p1, p2)
29,<X.083: boolean A0C(android.content.SharedPreferences,byte)>,v1 = virtualinvoke v0.<X.30r: X.30p A00(byte)>(p2)
30,<X.30r: X.30p A00(byte)>,v1 = virtualinvoke v1.<X.2WP: X.30p A01(java.lang.String,byte)>(v0, p1)
31,<X.2WP: X.30p A01(java.lang.String,byte)>,v5 = virtualinvoke v2.<javax.crypto.Cipher: byte[] doFinal(byte)>(p2)
32,<X.2WP: X.30p A01(java.lang.String,byte)>,specialinvoke v3.<X.30p: void <init>(java.lang.String,byte,byte,byte,int)>(.. v8)
33,<X.30p: void <init>(java.lang.String,byte,byte,byte,int)>,p0.<X.30p: java.lang.Object A04> = p2
34,<X.30p: java.lang.String A02()>,v0 = p0.<X.30p: java.lang.Object A04>
35,<X.30p: java.lang.String A02()>,v0 = (byte[]) [B
36,<X.30p: java.lang.String A02()>,v0 = staticinvoke <android.util.Base64: java.lang.String encodeToString(byte,int)>(v0, v1)
37,<X.30p: java.lang.String A02()>,virtualinvoke v2.<org.json.JSONArray: org.json.JSONArray put(java.lang.Object)>(v0)
38,<X.30p: java.lang.String A02()>,virtualinvoke v2.<org.json.JSONArray: org.json.JSONArray put(java.lang.Object)>(v0)
39,<X.30p: java.lang.String A02()>,virtualinvoke v2.<org.json.JSONArray: org.json.JSONArray put(java.lang.Object)>(v0)
40,<X.30p: java.lang.String A02()>,virtualinvoke v2.<org.json.JSONArray: org.json.JSONArray put(java.lang.Object)>(v0)
41,<X.30p: java.lang.String A02()>,v0 = virtualinvoke v2.<java.lang.Object: java.lang.String toString()>()
42,<X.30p: java.lang.String A02()>,return v0
43,<X.083: boolean A0D(X.30p,java.lang.String)>,v0 = interfaceinvoke v0.<android.content.SharedPreferences$Editor: android.content.SharedPreferences$Editor putString(java.lang.String,java.lang.String)>(p2, v1)
44,<owxt.ila.aavgb.b.bf: org.json.JSONObject a(android.content.Context)>,p0 = interfaceinvoke p0.<android.content.SharedPreferences: java.lang.String getString(java.lang.String,java.lang.String)>(v2,v3)
45,<owxt.ila.aavgb.b.bf: org.json.JSONObject a(android.content.Context)>,virtualinvoke v7.<java.lang.StringBuilder: java.lang.StringBuilder append(java.lang.String)>(p0)
46,<owxt.ila.aavgb.b.ar: java.util.HashMap b(android.content.Context)>,virtualinvoke p0.<org.json.JSONObject: org.json.JSONObject put(java.lang.String,java.lang.Object)>(v3, v4)
47,<owxt.ila.aavgb.b.bf: org.json.JSONObject a(android.content.Context)>,p0 = virtualinvoke v7.<java.lang.StringBuilder: java.lang.String toString()>()
48,<owxt.ila.aavgb.b.ar: java.util.HashMap b(android.content.Context)>,virtualinvoke p0.<org.json.JSONObject: org.json.JSONObject put(java.lang.String,java.lang.Object)>(v3, v4)
49,<owxt.ila.aavgb.b.bf: byte[] a(java.lang.String,byte)>,p0 = virtualinvoke p0.<java.lang.String: byte[] getBytes()>()
50,<owxt.ila.aavgb.b.bf: org.json.JSONObject a(android.content.Context)>,v6 = virtualinvoke p0.<org.json.JSONArray: java.lang.String getString(int)>(v4)
51,<owxt.ila.aavgb.b.bf: byte[] a(java.lang.String,byte)>,v3 = p0[v2]
52,<owxt.ila.aavgb.b.ar: java.util.HashMap b(android.content.Context)>,virtualinvoke p0.<org.json.JSONObject: org.json.JSONObject put(java.lang.String,java.lang.Object)>(v3, v4)
53,<owxt.ila.aavgb.b.bf: byte[] a(java.lang.String,byte)>,v3 = (char) v3
54,<owxt.ila.aavgb.b.bf: byte[] a(java.lang.String,byte)>,v1[v2] = v3
55,<owxt.ila.aavgb.b.bf: org.json.JSONObject a(android.content.Context)>,v6 = staticinvoke <android.util.Base64: byte[] decode(java.lang.String,int)>(v6, v4)
56,<owxt.ila.aavgb.b.bf: org.json.JSONObject a(android.content.Context)>,p0 = staticinvoke <owxt.ila.aavgb.b.bf: byte[] a(java.lang.String,byte)>(p0, v6)
57,<owxt.ila.aavgb.b.ar: java.util.HashMap b(android.content.Context)>,virtualinvoke p0.<org.json.JSONObject: org.json.JSONObject put(java.lang.String,java.lang.Object)>(v3, v4)
58,<owxt.ila.aavgb.b.bf: byte[] a(java.lang.String,byte)>,specialinvoke v2.<javax.crypto.spec.PBEKeySpec: void <init>(char,byte,int,int)>(v1, p1, v3, v4)
59,<owxt.ila.aavgb.b.ar: java.util.HashMap b(android.content.Context)>,virtualinvoke p0.<org.json.JSONObject: org.json.JSONObject put(java.lang.String,java.lang.Object)>(v3, v4)
60,<owxt.ila.aavgb.b.bf: byte[] a(java.lang.String,byte)>,p1 = virtualinvoke v0.<javax.crypto.SecretKeyFactory: javax.crypto.SecretKey generateSecret(java.security.spec.KeySpec)>(v2)
61,<owxt.ila.aavgb.b.ar: java.util.HashMap b(android.content.Context)>,virtualinvoke p0.<org.json.JSONObject: org.json.JSONObject put(java.lang.String,java.lang.Object)>(v3, v4)
62,<owxt.ila.aavgb.b.bf: byte[] a(java.lang.String,byte)>,p1 = interfaceinvoke p1.<javax.crypto.SecretKey: byte[] getEncoded()>()
63,<owxt.ila.aavgb.b.bf: byte[] a(java.lang.String,byte)>,specialinvoke p0.<javax.crypto.spec.SecretKeySpec: void <init>(byte,java.lang.String)>(p1, v0)
64,<owxt.ila.aavgb.b.bf: org.json.JSONObject a(android.content.Context)>,v2 = virtualinvoke v2.<java.lang.String: java.lang.String replace(java.lang.CharSequence,java.lang.CharSequence)>(v3, v5)
65,<owxt.ila.aavgb.b.ar: java.util.HashMap b(android.content.Context)>,virtualinvoke p0.<org.json.JSONObject: org.json.JSONObject put(java.lang.String,java.lang.Object)>(v3, v4)
66,<owxt.ila.aavgb.b.bf: org.json.JSONObject a(android.content.Context)>,specialinvoke p0.<org.json.JSONArray: void <init>(java.lang.String)>(v2)
67,<owxt.ila.aavgb.b.bf: org.json.JSONObject a(android.content.Context)>,v5 = virtualinvoke p0.<org.json.JSONArray: java.lang.String getString(int)>(v3)
68,<owxt.ila.aavgb.b.bf: byte[] a(java.lang.String,byte)>,p0 = virtualinvoke p0.<javax.crypto.spec.SecretKeySpec: byte[] getEncoded()>()
69,<owxt.ila.aavgb.b.bf: org.json.JSONObject a(android.content.Context)>,v2 = virtualinvoke p0.<org.json.JSONArray: int length()>()
70,<owxt.ila.aavgb.b.bf: byte[] a(java.lang.String,byte)>,return p0
71,<owxt.ila.aavgb.b.ar: java.util.HashMap b(android.content.Context)>,virtualinvoke p0.<org.json.JSONObject: org.json.JSONObject put(java.lang.String,long)>(v3, v4, v5)
72,<owxt.ila.aavgb.b.bf: org.json.JSONObject a(android.content.Context)>,v5 = staticinvoke <android.util.Base64: byte[] decode(java.lang.String,int)>(v5, v4)
73,<owxt.ila.aavgb.b.bf: org.json.JSONObject a(android.content.Context)>,specialinvoke v7.<javax.crypto.spec.SecretKeySpec: void <init>(byte,java.lang.String)>(p0, v6)
74,<owxt.ila.aavgb.b.bf: org.json.JSONObject a(android.content.Context)>,v2 = virtualinvoke p0.<org.json.JSONArray: java.lang.String getString(int)>(v2)
75,<owxt.ila.aavgb.b.bf: org.json.JSONObject a(android.content.Context)>,specialinvoke v0.<javax.crypto.spec.IvParameterSpec: void <init>(byte)>(v5)
76,<owxt.ila.aavgb.b.bf: org.json.JSONObject a(android.content.Context)>,virtualinvoke p0.<javax.crypto.Cipher: void init(int,java.security.Key,java.security.spec.AlgorithmParameterSpec)>(v3, v7, v0)
77,<owxt.ila.aavgb.b.ar: java.util.HashMap b(android.content.Context)>,virtualinvoke p0.<org.json.JSONObject: org.json.JSONObject put(java.lang.String,java.lang.Object)>(v3, v4)
78,<owxt.ila.aavgb.b.bf: org.json.JSONObject a(android.content.Context)>,v2 = staticinvoke <android.util.Base64: byte[] decode(java.lang.String,int)>(v2, v4)
79,<owxt.ila.aavgb.b.bf: org.json.JSONObject a(android.content.Context)>,p0 = virtualinvoke p0.<javax.crypto.Cipher: byte[] doFinal(byte)>(v2)
80,<owxt.ila.aavgb.b.ar: java.util.HashMap b(android.content.Context)>,virtualinvoke p0.<org.json.JSONObject: org.json.JSONObject put(java.lang.String,long)>(v3, v4, v5)
81,<owxt.ila.aavgb.b.bf: org.json.JSONObject a(android.content.Context)>,p0 = staticinvoke <android.util.Base64: java.lang.String encodeToString(byte,int)>(p0, v4)
82,<owxt.ila.aavgb.b.bf: org.json.JSONObject a(android.content.Context)>,virtualinvoke v1.<org.json.JSONObject: org.json.JSONObject put(java.lang.String,java.lang.Object)>(v0, p0)
83,<owxt.ila.aavgb.b.bf: org.json.JSONObject a(android.content.Context)>,return v1
84,<owxt.ila.aavgb.b.ar: java.util.HashMap b(android.content.Context)>,virtualinvoke p0.<org.json.JSONObject: org.json.JSONObject put(java.lang.String,long)>(v3, v4, v5)
85,<owxt.ila.aavgb.b.ar: owxt.ila.aavgb.b.ak d(android.content.Context)>,v1.<owxt.ila.aavgb.b.ak: java.lang.String n> = v2
86,<owxt.ila.aavgb.b.ar: java.util.HashMap b(android.content.Context)>,v4 = v1.<owxt.ila.aavgb.b.ak: java.lang.String n>
87,<owxt.ila.aavgb.b.ar: java.util.HashMap b(android.content.Context)>,virtualinvoke p0.<org.json.JSONObject: org.json.JSONObject put(java.lang.String,java.lang.Object)>(v3, v4)
88,<owxt.ila.aavgb.b.ar: owxt.ila.aavgb.b.ak d(android.content.Context)>,v2 = virtualinvoke p0.<org.json.JSONObject: java.lang.String optString(java.lang.String,java.lang.String)>(v2, v4)
89,<owxt.ila.aavgb.b.ar: owxt.ila.aavgb.b.ak d(android.content.Context)>,p0 = virtualinvoke p0.<org.json.JSONObject: java.lang.String optString(java.lang.String,java.lang.String)>(v2, v3)
90,<owxt.ila.aavgb.b.ar: owxt.ila.aavgb.b.ak d(android.content.Context)>,v1.<owxt.ila.aavgb.b.ak: java.lang.String m> = v2
91,<owxt.ila.aavgb.b.ar: owxt.ila.aavgb.b.ak d(android.content.Context)>,v2 = virtualinvoke p0.<org.json.JSONObject: java.lang.String optString(java.lang.String,java.lang.String)>(v2, v4)
92,<owxt.ila.aavgb.b.ar: java.util.HashMap b(android.content.Context)>,v4 = v1.<owxt.ila.aavgb.b.ak: java.lang.String m>
93,<owxt.ila.aavgb.b.ar: owxt.ila.aavgb.b.ak d(android.content.Context)>,p0 = staticinvoke <java.lang.Integer: int parseInt(java.lang.String)>(p0)
94,<owxt.ila.aavgb.b.ar: java.util.HashMap b(android.content.Context)>,virtualinvoke p0.<org.json.JSONObject: org.json.JSONObject put(java.lang.String,java.lang.Object)>(v3, v4)
95,<owxt.ila.aavgb.b.ar: owxt.ila.aavgb.b.ak d(android.content.Context)>,v1.<owxt.ila.aavgb.b.ak: int p> = p0
96,<owxt.ila.aavgb.b.ar: java.util.HashMap b(android.content.Context)>,v4 = v1.<owxt.ila.aavgb.b.ak: int p>
97,<owxt.ila.aavgb.b.ar: owxt.ila.aavgb.b.ak d(android.content.Context)>,v2 = virtualinvoke p0.<org.json.JSONObject: java.lang.String optString(java.lang.String,java.lang.String)>(v2, v4)
98,<owxt.ila.aavgb.b.ar: java.util.HashMap b(android.content.Context)>,virtualinvoke p0.<org.json.JSONObject: org.json.JSONObject put(java.lang.String,int)>(v3, v4)
99,<owxt.ila.aavgb.b.ar: owxt.ila.aavgb.b.ak d(android.content.Context)>,v1.<owxt.ila.aavgb.b.ak: java.lang.String o> = v2
100,<owxt.ila.aavgb.b.ar: java.util.HashMap b(android.content.Context)>,v1 = v1.<owxt.ila.aavgb.b.ak: java.lang.String o>
101,<owxt.ila.aavgb.b.ar: java.util.HashMap b(android.content.Context)>,virtualinvoke p0.<org.json.JSONObject: org.json.JSONObject put(java.lang.String,java.lang.Object)>(v3, v1)
102,<owxt.ila.aavgb.b.ar: java.util.HashMap b(android.content.Context)>,p0 = virtualinvoke p0.<org.json.JSONObject: java.lang.String toString()>()
103,<owxt.ila.aavgb.b.ar: java.util.HashMap b(android.content.Context)>,virtualinvoke v2.<java.util.HashMap: java.lang.Object put(java.lang.Object,java.lang.Object)>(v1, p0)
104,<owxt.ila.aavgb.b.ar: java.util.HashMap b(android.content.Context)>,v0 = virtualinvoke v2.<java.util.HashMap: java.lang.Object get(java.lang.Object)>(v0)
105,<owxt.ila.aavgb.b.ar: java.util.HashMap b(android.content.Context)>,return v2
106,<owxt.ila.aavgb.b.ap: void run()>,v1 = interfaceinvoke v0.<java.util.Map: int size()>()
107,<owxt.ila.aavgb.b.ap: void run()>,staticinvoke <owxt.ila.aavgb.b.an: void a(owxt.ila.aavgb.b.an,owxt.ila.aavgb.b.aj,java.util.Map)>(v1, v2, v0)
108,<owxt.ila.aavgb.b.an: void a(owxt.ila.aavgb.b.an,owxt.ila.aavgb.b.aj,java.util.Map)>,v0 = interfaceinvoke p2.<java.util.Map: int size()>()
109,<owxt.ila.aavgb.b.an: void a(owxt.ila.aavgb.b.an,owxt.ila.aavgb.b.aj,java.util.Map)>,virtualinvoke p1.<owxt.ila.aavgb.b.am: void a(java.util.Map)>(p2)
110,<owxt.ila.aavgb.b.am: void a(java.util.Map)>,p0.<owxt.ila.aavgb.b.am: java.util.Map b> = p1
111,<owxt.ila.aavgb.b.am: java.util.Map b()>,v0 = p0.<owxt.ila.aavgb.b.am: java.util.Map b>
112,<owxt.ila.aavgb.b.am: java.util.Map b()>,return v0
113,<owxt.ila.aavgb.b.bd: void a(owxt.ila.aavgb.b.am)>,v4 = staticinvoke <owxt.ila.aavgb.b.bd: java.lang.String a(java.util.Map)>(v4)
114,<owxt.ila.aavgb.b.bd: java.lang.String a(java.util.Map)>,p0 = interfaceinvoke p0.<java.util.Map: java.util.Set entrySet()>()
115,<owxt.ila.aavgb.b.bd: java.lang.String a(java.util.Map)>,p0 = interfaceinvoke p0.<java.util.Set: java.util.Iterator iterator()>()
116,<owxt.ila.aavgb.b.bd: java.lang.String a(java.util.Map)>,v1 = interfaceinvoke p0.<java.util.Iterator: boolean hasNext()>()
117,<owxt.ila.aavgb.b.bd: java.lang.String a(java.util.Map)>,v1 = interfaceinvoke p0.<java.util.Iterator: java.lang.Object next()>()
118,<owxt.ila.aavgb.b.bd: java.lang.String a(java.util.Map)>,v1 = (java.util.Map$Entry) Ljava/util/Map$Entry;
119,<owxt.ila.aavgb.b.bd: java.lang.String a(java.util.Map)>,v1 = interfaceinvoke v1.<java.util.Map$Entry: java.lang.Object getValue()>()
120,<owxt.ila.aavgb.b.bd: java.lang.String a(java.util.Map)>,virtualinvoke v2.<java.lang.StringBuilder: java.lang.StringBuilder append(java.lang.Object)>(v1)
121,<owxt.ila.aavgb.b.bd: java.lang.String a(java.util.Map)>,v2 = interfaceinvoke v1.<java.util.Map$Entry: java.lang.Object getKey()>()
122,<owxt.ila.aavgb.b.bd: java.lang.String a(java.util.Map)>,virtualinvoke v0.<java.lang.StringBuilder: java.lang.StringBuilder append(java.lang.Object)>(v2)
123,<owxt.ila.aavgb.b.bd: java.lang.String a(java.util.Map)>,v1 = virtualinvoke v2.<java.lang.StringBuilder: java.lang.String toString()>()
124,<owxt.ila.aavgb.b.bd: java.lang.String a(java.util.Map)>,virtualinvoke v0.<java.lang.StringBuilder: java.lang.StringBuilder append(java.lang.String)>(v2)
125,<owxt.ila.aavgb.b.bd: java.lang.String a(java.util.Map)>,v1 = staticinvoke <java.net.URLEncoder: java.lang.String encode(java.lang.String,java.lang.String)>(v1, v2)
126,<owxt.ila.aavgb.b.bd: java.lang.String a(java.util.Map)>,virtualinvoke v0.<java.lang.StringBuilder: java.lang.StringBuilder append(java.lang.String)>(v1)
127,<owxt.ila.aavgb.b.bd: java.lang.String a(java.util.Map)>,virtualinvoke v0.<java.lang.StringBuilder: java.lang.StringBuilder append(java.lang.String)>(v1)
128,<owxt.ila.aavgb.b.bd: java.lang.String a(java.util.Map)>,p0 = virtualinvoke v0.<java.lang.StringBuilder: java.lang.String toString()>()
129,<owxt.ila.aavgb.b.bd: java.lang.String a(java.util.Map)>,return p0
130,<owxt.ila.aavgb.b.bd: void a(owxt.ila.aavgb.b.am)>,virtualinvoke v3.<java.io.DataOutputStream: void writeBytes(java.lang.String)>(v4)
